#
# There is insufficient memory for the Java Runtime Environment to continue.
# Native memory allocation (malloc) failed to allocate 745136 bytes for Chunk::new
# Possible reasons:
#   The system is out of physical RAM or swap space
#   The process is running with CompressedOops enabled, and the Java Heap may be blocking the growth of the native heap
# Possible solutions:
#   Reduce memory load on the system
#   Increase physical memory or swap space
#   Check if swap backing store is full
#   Decrease Java heap size (-Xmx/-Xms)
#   Decrease number of Java threads
#   Decrease Java thread stack sizes (-Xss)
#   Set larger code cache with -XX:ReservedCodeCacheSize=
#   JVM is running with Zero Based Compressed Oops mode in which the Java heap is
#     placed in the first 32GB address space. The Java Heap base address is the
#     maximum limit for the native heap growth. Please use -XX:HeapBaseMinAddress
#     to set the Java Heap base and to place the Java Heap above 32GB virtual address.
# This output file may be truncated or incomplete.
#
#  Out of Memory Error (t:/workspace/hotspot/src/share/vm/memory/allocation.cpp:372), pid=860, tid=23196
#
# JRE version: Java(TM) SE Runtime Environment (9.0+11) (build 9.0.4+11)
# Java VM: Java HotSpot(TM) 64-Bit Server VM (9.0.4+11, mixed mode, tiered, compressed oops, g1 gc, windows-amd64)
# No core dump will be written. Minidumps are not enabled by default on client versions of Windows
#

---------------  S U M M A R Y ------------

Command Line: -ea -Dfile.encoding=Cp1252 org.testng.remote.RemoteTestNG -serport 17101 -protocol json -d C:\Users\kam\selenium_tryouts\SelionBasics\test-output C:\Users\kam\selenium_tryouts\SelionBasics\src\test\resources\SampleSuite.xml

Host: Intel(R) Core(TM) i7-6700HQ CPU @ 2.60GHz, 8 cores, 15G,  Windows 10 , 64 bit Build 17134 (10.0.17134.1)
Time: Wed Oct 03 04:27:32 2018 Sri Lanka Standard Time elapsed time: 1 seconds (0d 0h 0m 1s)

---------------  T H R E A D  ---------------

Current thread (0x000001bf1063c000):  JavaThread "C2 CompilerThread2" daemon [_thread_in_native, id=23196, stack(0x0000000959400000,0x0000000959500000)]


Current CompileTask:
C2:   1570 1485       4       jdk.internal.loader.URLClassPath::getResource (74 bytes)

Stack: [0x0000000959400000,0x0000000959500000]
Native frames: (J=compiled Java code, j=interpreted, Vv=VM code, C=native code)
V  [jvm.dll+0x587068]
V  [jvm.dll+0x69c25e]
V  [jvm.dll+0x69d17a]
V  [jvm.dll+0x69d7b3]
V  [jvm.dll+0x21d198]
V  [jvm.dll+0xa7aac]
V  [jvm.dll+0xa83ec]
V  [jvm.dll+0x28b3a4]
V  [jvm.dll+0x4aedea]
V  [jvm.dll+0x1eb649]
V  [jvm.dll+0x1e8d11]
V  [jvm.dll+0x1691cb]
V  [jvm.dll+0x1f6570]
V  [jvm.dll+0x1f51f6]
V  [jvm.dll+0x66b44f]
V  [jvm.dll+0x586490]
C  [msvcr120.dll+0x24f7f]
C  [msvcr120.dll+0x25126]
C  [KERNEL32.DLL+0x13034]
C  [ntdll.dll+0x71461]


---------------  P R O C E S S  ---------------

Java Threads: ( => current thread )
  0x000001bf10fcc800 JavaThread "ReaderThread" [_thread_in_native, id=10404, stack(0x0000000959b00000,0x0000000959c00000)]
  0x000001bf10c15800 JavaThread "Service Thread" daemon [_thread_blocked, id=22628, stack(0x0000000959800000,0x0000000959900000)]
  0x000001bf10669000 JavaThread "Common-Cleaner" daemon [_thread_blocked, id=23972, stack(0x0000000959700000,0x0000000959800000)]
  0x000001bf10643000 JavaThread "Sweeper thread" daemon [_thread_blocked, id=39384, stack(0x0000000959600000,0x0000000959700000)]
  0x000001bf10642800 JavaThread "C1 CompilerThread3" daemon [_thread_blocked, id=15128, stack(0x0000000959500000,0x0000000959600000)]
=>0x000001bf1063c000 JavaThread "C2 CompilerThread2" daemon [_thread_in_native, id=23196, stack(0x0000000959400000,0x0000000959500000)]
  0x000001bf0f97e000 JavaThread "C2 CompilerThread1" daemon [_thread_blocked, id=10828, stack(0x0000000959300000,0x0000000959400000)]
  0x000001bf105e1000 JavaThread "C2 CompilerThread0" daemon [_thread_blocked, id=21704, stack(0x0000000959200000,0x0000000959300000)]
  0x000001bf105e0800 JavaThread "Attach Listener" daemon [_thread_blocked, id=40700, stack(0x0000000959100000,0x0000000959200000)]
  0x000001bf10593000 JavaThread "Signal Dispatcher" daemon [_thread_blocked, id=9616, stack(0x0000000959000000,0x0000000959100000)]
  0x000001bf1058c000 JavaThread "Finalizer" daemon [_thread_blocked, id=39436, stack(0x0000000958f00000,0x0000000959000000)]
  0x000001bf10595800 JavaThread "Reference Handler" daemon [_thread_blocked, id=36540, stack(0x0000000958e00000,0x0000000958f00000)]
  0x000001bf67609000 JavaThread "main" [_thread_in_native, id=38484, stack(0x0000000957800000,0x0000000957900000)]

Other Threads:
  0x000001bf10580800 VMThread "VM Thread" [stack: 0x0000000958d00000,0x0000000958e00000] [id=14296]
  0x000001bf10901000 WatcherThread [stack: 0x0000000959900000,0x0000000959a00000] [id=40988]
  0x000001bf67622000 GCTaskThread "GC Thread#0" [stack: 0x0000000957900000,0x0000000957a00000] [id=36488]
  0x000001bf67623800 GCTaskThread "GC Thread#1" [stack: 0x0000000957a00000,0x0000000957b00000] [id=21404]
  0x000001bf67626800 GCTaskThread "GC Thread#2" [stack: 0x0000000957b00000,0x0000000957c00000] [id=26928]
  0x000001bf6762d000 GCTaskThread "GC Thread#3" [stack: 0x0000000957c00000,0x0000000957d00000] [id=25948]
  0x000001bf6762e800 GCTaskThread "GC Thread#4" [stack: 0x0000000957d00000,0x0000000957e00000] [id=41204]
  0x000001bf67632000 GCTaskThread "GC Thread#5" [stack: 0x0000000957e00000,0x0000000957f00000] [id=26596]
  0x000001bf67639000 GCTaskThread "GC Thread#6" [stack: 0x0000000957f00000,0x0000000958000000] [id=35916]
  0x000001bf6763b000 GCTaskThread "GC Thread#7" [stack: 0x0000000958000000,0x0000000958100000] [id=36272]
  0x000001bf676a2800 ConcurrentGCThread "G1 Main Marker" [stack: 0x0000000958a00000,0x0000000958b00000] [id=21444]
  0x000001bf676a3000 ConcurrentGCThread "G1 Marker#0" [stack: 0x0000000958b00000,0x0000000958c00000] [id=13868]
  0x000001bf676a3800 ConcurrentGCThread "G1 Marker#1" [stack: 0x0000000958c00000,0x0000000958d00000] [id=38832]
  0x000001bf67656000 ConcurrentGCThread "G1 Refine#0" [stack: 0x0000000958800000,0x0000000958900000] [id=36956]
  0x000001bf67655000 ConcurrentGCThread "G1 Refine#1" [stack: 0x0000000958700000,0x0000000958800000] [id=39060]
  0x000001bf6764c000 ConcurrentGCThread "G1 Refine#2" [stack: 0x0000000958600000,0x0000000958700000] [id=35924]
  0x000001bf67649000 ConcurrentGCThread "G1 Refine#3" [stack: 0x0000000958500000,0x0000000958600000] [id=33752]
  0x000001bf67646800 ConcurrentGCThread "G1 Refine#4" [stack: 0x0000000958400000,0x0000000958500000] [id=25536]
  0x000001bf67642800 ConcurrentGCThread "G1 Refine#5" [stack: 0x0000000958300000,0x0000000958400000] [id=34448]
  0x000001bf67641800 ConcurrentGCThread "G1 Refine#6" [stack: 0x0000000958200000,0x0000000958300000] [id=17404]
  0x000001bf67641000 ConcurrentGCThread "G1 Refine#7" [stack: 0x0000000958100000,0x0000000958200000] [id=29012]
  0x000001bf6765f000 ConcurrentGCThread "G1 Young RemSet Sampling" [stack: 0x0000000958900000,0x0000000958a00000] [id=33320]

Threads with active compile tasks:
C2 CompilerThread21485       4       jdk.internal.loader.URLClassPath::getResource (74 bytes)

VM state:not at safepoint (normal execution)

VM Mutex/Monitor currently owned by a thread: None

Heap address: 0x00000006c6600000, size: 3994 MB, Compressed Oops mode: Zero based, Oop shift amount: 3
Narrow klass base: 0x0000000000000000, Narrow klass shift: 3
Compressed class space size: 1073741824 Address: 0x00000007c0000000

Heap:
 garbage-first heap   total 256000K, used 28583K [0x00000006c6600000, 0x00000006c67007d0, 0x00000007c0000000)
  region size 1024K, 24 young (24576K), 3 survivors (3072K)
 Metaspace       used 16329K, capacity 16944K, committed 17152K, reserved 1073152K
  class space    used 1662K, capacity 1792K, committed 1792K, reserved 1048576K
Heap Regions: E=young(eden), S=young(survivor), O=old, HS=humongous(starts), HC=humongous(continues), CS=collection set, F=free, A=archive, TS=gc time stamp, AC=allocation context, TAMS=top-at-mark-start (previous, next)
|   0|0x00000006c6600000, 0x00000006c6700000, 0x00000006c6700000|100%| O|  |TS  1|AC  0|TAMS 0x00000006c6600000, 0x00000006c6600000|
|   1|0x00000006c6700000, 0x00000006c6800000, 0x00000006c6800000|100%| O|  |TS  1|AC  0|TAMS 0x00000006c6700000, 0x00000006c6700000|
|   2|0x00000006c6800000, 0x00000006c6900000, 0x00000006c6900000|100%| O|  |TS  1|AC  0|TAMS 0x00000006c6800000, 0x00000006c6800000|
|   3|0x00000006c6900000, 0x00000006c6a00000, 0x00000006c6a00000|100%| O|  |TS  1|AC  0|TAMS 0x00000006c6900000, 0x00000006c6900000|
|   4|0x00000006c6a00000, 0x00000006c6ae9e00, 0x00000006c6b00000| 91%| O|  |TS  1|AC  0|TAMS 0x00000006c6a00000, 0x00000006c6a00000|
|   5|0x00000006c6b00000, 0x00000006c6b00000, 0x00000006c6c00000|  0%| F|  |TS  0|AC  0|TAMS 0x00000006c6b00000, 0x00000006c6b00000|
|   6|0x00000006c6c00000, 0x00000006c6c00000, 0x00000006c6d00000|  0%| F|  |TS  0|AC  0|TAMS 0x00000006c6c00000, 0x00000006c6c00000|
|   7|0x00000006c6d00000, 0x00000006c6d00000, 0x00000006c6e00000|  0%| F|  |TS  0|AC  0|TAMS 0x00000006c6d00000, 0x00000006c6d00000|
|   8|0x00000006c6e00000, 0x00000006c6e00000, 0x00000006c6f00000|  0%| F|  |TS  0|AC  0|TAMS 0x00000006c6e00000, 0x00000006c6e00000|
|   9|0x00000006c6f00000, 0x00000006c6f00000, 0x00000006c7000000|  0%| F|  |TS  0|AC  0|TAMS 0x00000006c6f00000, 0x00000006c6f00000|
|  10|0x00000006c7000000, 0x00000006c7000000, 0x00000006c7100000|  0%| F|  |TS  0|AC  0|TAMS 0x00000006c7000000, 0x00000006c7000000|
|  11|0x00000006c7100000, 0x00000006c7100000, 0x00000006c7200000|  0%| F|  |TS  0|AC  0|TAMS 0x00000006c7100000, 0x00000006c7100000|
|  12|0x00000006c7200000, 0x00000006c7200000, 0x00000006c7300000|  0%| F|  |TS  0|AC  0|TAMS 0x00000006c7200000, 0x00000006c7200000|
|  13|0x00000006c7300000, 0x00000006c7300000, 0x00000006c7400000|  0%| F|  |TS  0|AC  0|TAMS 0x00000006c7300000, 0x00000006c7300000|
|  14|0x00000006c7400000, 0x00000006c7400000, 0x00000006c7500000|  0%| F|  |TS  0|AC  0|TAMS 0x00000006c7400000, 0x00000006c7400000|
|  15|0x00000006c7500000, 0x00000006c7500000, 0x00000006c7600000|  0%| F|  |TS  0|AC  0|TAMS 0x00000006c7500000, 0x00000006c7500000|
|  16|0x00000006c7600000, 0x00000006c7600000, 0x00000006c7700000|  0%| F|  |TS  0|AC  0|TAMS 0x00000006c7600000, 0x00000006c7600000|
|  17|0x00000006c7700000, 0x00000006c7700000, 0x00000006c7800000|  0%| F|  |TS  0|AC  0|TAMS 0x00000006c7700000, 0x00000006c7700000|
|  18|0x00000006c7800000, 0x00000006c7800000, 0x00000006c7900000|  0%| F|  |TS  0|AC  0|TAMS 0x00000006c7800000, 0x00000006c7800000|
|  19|0x00000006c7900000, 0x00000006c7900000, 0x00000006c7a00000|  0%| F|  |TS  0|AC  0|TAMS 0x00000006c7900000, 0x00000006c7900000|
|  20|0x00000006c7a00000, 0x00000006c7a00000, 0x00000006c7b00000|  0%| F|  |TS  0|AC  0|TAMS 0x00000006c7a00000, 0x00000006c7a00000|
|  21|0x00000006c7b00000, 0x00000006c7b00000, 0x00000006c7c00000|  0%| F|  |TS  0|AC  0|TAMS 0x00000006c7b00000, 0x00000006c7b00000|
|  22|0x00000006c7c00000, 0x00000006c7c00000, 0x00000006c7d00000|  0%| F|  |TS  0|AC  0|TAMS 0x00000006c7c00000, 0x00000006c7c00000|
|  23|0x00000006c7d00000, 0x00000006c7d00000, 0x00000006c7e00000|  0%| F|  |TS  0|AC  0|TAMS 0x00000006c7d00000, 0x00000006c7d00000|
|  24|0x00000006c7e00000, 0x00000006c7e00000, 0x00000006c7f00000|  0%| F|  |TS  0|AC  0|TAMS 0x00000006c7e00000, 0x00000006c7e00000|
|  25|0x00000006c7f00000, 0x00000006c7f00000, 0x00000006c8000000|  0%| F|  |TS  0|AC  0|TAMS 0x00000006c7f00000, 0x00000006c7f00000|
|  26|0x00000006c8000000, 0x00000006c8000000, 0x00000006c8100000|  0%| F|  |TS  0|AC  0|TAMS 0x00000006c8000000, 0x00000006c8000000|
|  27|0x00000006c8100000, 0x00000006c8100000, 0x00000006c8200000|  0%| F|  |TS  0|AC  0|TAMS 0x00000006c8100000, 0x00000006c8100000|
|  28|0x00000006c8200000, 0x00000006c8200000, 0x00000006c8300000|  0%| F|  |TS  0|AC  0|TAMS 0x00000006c8200000, 0x00000006c8200000|
|  29|0x00000006c8300000, 0x00000006c8300000, 0x00000006c8400000|  0%| F|  |TS  0|AC  0|TAMS 0x00000006c8300000, 0x00000006c8300000|
|  30|0x00000006c8400000, 0x00000006c8400000, 0x00000006c8500000|  0%| F|  |TS  0|AC  0|TAMS 0x00000006c8400000, 0x00000006c8400000|
|  31|0x00000006c8500000, 0x00000006c8500000, 0x00000006c8600000|  0%| F|  |TS  0|AC  0|TAMS 0x00000006c8500000, 0x00000006c8500000|
|  32|0x00000006c8600000, 0x00000006c8600000, 0x00000006c8700000|  0%| F|  |TS  0|AC  0|TAMS 0x00000006c8600000, 0x00000006c8600000|
|  33|0x00000006c8700000, 0x00000006c8700000, 0x00000006c8800000|  0%| F|  |TS  0|AC  0|TAMS 0x00000006c8700000, 0x00000006c8700000|
|  34|0x00000006c8800000, 0x00000006c8800000, 0x00000006c8900000|  0%| F|  |TS  0|AC  0|TAMS 0x00000006c8800000, 0x00000006c8800000|
|  35|0x00000006c8900000, 0x00000006c8900000, 0x00000006c8a00000|  0%| F|  |TS  0|AC  0|TAMS 0x00000006c8900000, 0x00000006c8900000|
|  36|0x00000006c8a00000, 0x00000006c8a00000, 0x00000006c8b00000|  0%| F|  |TS  0|AC  0|TAMS 0x00000006c8a00000, 0x00000006c8a00000|
|  37|0x00000006c8b00000, 0x00000006c8b00000, 0x00000006c8c00000|  0%| F|  |TS  0|AC  0|TAMS 0x00000006c8b00000, 0x00000006c8b00000|
|  38|0x00000006c8c00000, 0x00000006c8c00000, 0x00000006c8d00000|  0%| F|  |TS  0|AC  0|TAMS 0x00000006c8c00000, 0x00000006c8c00000|
|  39|0x00000006c8d00000, 0x00000006c8d00000, 0x00000006c8e00000|  0%| F|  |TS  0|AC  0|TAMS 0x00000006c8d00000, 0x00000006c8d00000|
|  40|0x00000006c8e00000, 0x00000006c8e00000, 0x00000006c8f00000|  0%| F|  |TS  0|AC  0|TAMS 0x00000006c8e00000, 0x00000006c8e00000|
|  41|0x00000006c8f00000, 0x00000006c8f00000, 0x00000006c9000000|  0%| F|  |TS  0|AC  0|TAMS 0x00000006c8f00000, 0x00000006c8f00000|
|  42|0x00000006c9000000, 0x00000006c9000000, 0x00000006c9100000|  0%| F|  |TS  0|AC  0|TAMS 0x00000006c9000000, 0x00000006c9000000|
|  43|0x00000006c9100000, 0x00000006c9100000, 0x00000006c9200000|  0%| F|  |TS  0|AC  0|TAMS 0x00000006c9100000, 0x00000006c9100000|
|  44|0x00000006c9200000, 0x00000006c9200000, 0x00000006c9300000|  0%| F|  |TS  0|AC  0|TAMS 0x00000006c9200000, 0x00000006c9200000|
|  45|0x00000006c9300000, 0x00000006c9300000, 0x00000006c9400000|  0%| F|  |TS  0|AC  0|TAMS 0x00000006c9300000, 0x00000006c9300000|
|  46|0x00000006c9400000, 0x00000006c9400000, 0x00000006c9500000|  0%| F|  |TS  0|AC  0|TAMS 0x00000006c9400000, 0x00000006c9400000|
|  47|0x00000006c9500000, 0x00000006c9500000, 0x00000006c9600000|  0%| F|  |TS  0|AC  0|TAMS 0x00000006c9500000, 0x00000006c9500000|
|  48|0x00000006c9600000, 0x00000006c9600000, 0x00000006c9700000|  0%| F|  |TS  0|AC  0|TAMS 0x00000006c9600000, 0x00000006c9600000|
|  49|0x00000006c9700000, 0x00000006c9700000, 0x00000006c9800000|  0%| F|  |TS  0|AC  0|TAMS 0x00000006c9700000, 0x00000006c9700000|
|  50|0x00000006c9800000, 0x00000006c9800000, 0x00000006c9900000|  0%| F|  |TS  0|AC  0|TAMS 0x00000006c9800000, 0x00000006c9800000|
|  51|0x00000006c9900000, 0x00000006c9900000, 0x00000006c9a00000|  0%| F|  |TS  0|AC  0|TAMS 0x00000006c9900000, 0x00000006c9900000|
|  52|0x00000006c9a00000, 0x00000006c9a00000, 0x00000006c9b00000|  0%| F|  |TS  0|AC  0|TAMS 0x00000006c9a00000, 0x00000006c9a00000|
|  53|0x00000006c9b00000, 0x00000006c9b00000, 0x00000006c9c00000|  0%| F|  |TS  0|AC  0|TAMS 0x00000006c9b00000, 0x00000006c9b00000|
|  54|0x00000006c9c00000, 0x00000006c9c00000, 0x00000006c9d00000|  0%| F|  |TS  0|AC  0|TAMS 0x00000006c9c00000, 0x00000006c9c00000|
|  55|0x00000006c9d00000, 0x00000006c9d00000, 0x00000006c9e00000|  0%| F|  |TS  0|AC  0|TAMS 0x00000006c9d00000, 0x00000006c9d00000|
|  56|0x00000006c9e00000, 0x00000006c9e00000, 0x00000006c9f00000|  0%| F|  |TS  0|AC  0|TAMS 0x00000006c9e00000, 0x00000006c9e00000|
|  57|0x00000006c9f00000, 0x00000006c9f00000, 0x00000006ca000000|  0%| F|  |TS  0|AC  0|TAMS 0x00000006c9f00000, 0x00000006c9f00000|
|  58|0x00000006ca000000, 0x00000006ca000000, 0x00000006ca100000|  0%| F|  |TS  0|AC  0|TAMS 0x00000006ca000000, 0x00000006ca000000|
|  59|0x00000006ca100000, 0x00000006ca100000, 0x00000006ca200000|  0%| F|  |TS  0|AC  0|TAMS 0x00000006ca100000, 0x00000006ca100000|
|  60|0x00000006ca200000, 0x00000006ca200000, 0x00000006ca300000|  0%| F|  |TS  0|AC  0|TAMS 0x00000006ca200000, 0x00000006ca200000|
|  61|0x00000006ca300000, 0x00000006ca300000, 0x00000006ca400000|  0%| F|  |TS  0|AC  0|TAMS 0x00000006ca300000, 0x00000006ca300000|
|  62|0x00000006ca400000, 0x00000006ca400000, 0x00000006ca500000|  0%| F|  |TS  0|AC  0|TAMS 0x00000006ca400000, 0x00000006ca400000|
|  63|0x00000006ca500000, 0x00000006ca500000, 0x00000006ca600000|  0%| F|  |TS  0|AC  0|TAMS 0x00000006ca500000, 0x00000006ca500000|
|  64|0x00000006ca600000, 0x00000006ca600000, 0x00000006ca700000|  0%| F|  |TS  0|AC  0|TAMS 0x00000006ca600000, 0x00000006ca600000|
|  65|0x00000006ca700000, 0x00000006ca700000, 0x00000006ca800000|  0%| F|  |TS  0|AC  0|TAMS 0x00000006ca700000, 0x00000006ca700000|
|  66|0x00000006ca800000, 0x00000006ca800000, 0x00000006ca900000|  0%| F|  |TS  0|AC  0|TAMS 0x00000006ca800000, 0x00000006ca800000|
|  67|0x00000006ca900000, 0x00000006ca900000, 0x00000006caa00000|  0%| F|  |TS  0|AC  0|TAMS 0x00000006ca900000, 0x00000006ca900000|
|  68|0x00000006caa00000, 0x00000006caa00000, 0x00000006cab00000|  0%| F|  |TS  0|AC  0|TAMS 0x00000006caa00000, 0x00000006caa00000|
|  69|0x00000006cab00000, 0x00000006cab00000, 0x00000006cac00000|  0%| F|  |TS  0|AC  0|TAMS 0x00000006cab00000, 0x00000006cab00000|
|  70|0x00000006cac00000, 0x00000006cac00000, 0x00000006cad00000|  0%| F|  |TS  0|AC  0|TAMS 0x00000006cac00000, 0x00000006cac00000|
|  71|0x00000006cad00000, 0x00000006cad00000, 0x00000006cae00000|  0%| F|  |TS  0|AC  0|TAMS 0x00000006cad00000, 0x00000006cad00000|
|  72|0x00000006cae00000, 0x00000006cae00000, 0x00000006caf00000|  0%| F|  |TS  0|AC  0|TAMS 0x00000006cae00000, 0x00000006cae00000|
|  73|0x00000006caf00000, 0x00000006caf00000, 0x00000006cb000000|  0%| F|  |TS  0|AC  0|TAMS 0x00000006caf00000, 0x00000006caf00000|
|  74|0x00000006cb000000, 0x00000006cb000000, 0x00000006cb100000|  0%| F|  |TS  0|AC  0|TAMS 0x00000006cb000000, 0x00000006cb000000|
|  75|0x00000006cb100000, 0x00000006cb100000, 0x00000006cb200000|  0%| F|  |TS  0|AC  0|TAMS 0x00000006cb100000, 0x00000006cb100000|
|  76|0x00000006cb200000, 0x00000006cb200000, 0x00000006cb300000|  0%| F|  |TS  0|AC  0|TAMS 0x00000006cb200000, 0x00000006cb200000|
|  77|0x00000006cb300000, 0x00000006cb300000, 0x00000006cb400000|  0%| F|  |TS  0|AC  0|TAMS 0x00000006cb300000, 0x00000006cb300000|
|  78|0x00000006cb400000, 0x00000006cb400000, 0x00000006cb500000|  0%| F|  |TS  0|AC  0|TAMS 0x00000006cb400000, 0x00000006cb400000|
|  79|0x00000006cb500000, 0x00000006cb500000, 0x00000006cb600000|  0%| F|  |TS  0|AC  0|TAMS 0x00000006cb500000, 0x00000006cb500000|
|  80|0x00000006cb600000, 0x00000006cb600000, 0x00000006cb700000|  0%| F|  |TS  0|AC  0|TAMS 0x00000006cb600000, 0x00000006cb600000|
|  81|0x00000006cb700000, 0x00000006cb700000, 0x00000006cb800000|  0%| F|  |TS  0|AC  0|TAMS 0x00000006cb700000, 0x00000006cb700000|
|  82|0x00000006cb800000, 0x00000006cb800000, 0x00000006cb900000|  0%| F|  |TS  0|AC  0|TAMS 0x00000006cb800000, 0x00000006cb800000|
|  83|0x00000006cb900000, 0x00000006cb900000, 0x00000006cba00000|  0%| F|  |TS  0|AC  0|TAMS 0x00000006cb900000, 0x00000006cb900000|
|  84|0x00000006cba00000, 0x00000006cba00000, 0x00000006cbb00000|  0%| F|  |TS  0|AC  0|TAMS 0x00000006cba00000, 0x00000006cba00000|
|  85|0x00000006cbb00000, 0x00000006cbb00000, 0x00000006cbc00000|  0%| F|  |TS  0|AC  0|TAMS 0x00000006cbb00000, 0x00000006cbb00000|
|  86|0x00000006cbc00000, 0x00000006cbc00000, 0x00000006cbd00000|  0%| F|  |TS  0|AC  0|TAMS 0x00000006cbc00000, 0x00000006cbc00000|
|  87|0x00000006cbd00000, 0x00000006cbd00000, 0x00000006cbe00000|  0%| F|  |TS  0|AC  0|TAMS 0x00000006cbd00000, 0x00000006cbd00000|
|  88|0x00000006cbe00000, 0x00000006cbe00000, 0x00000006cbf00000|  0%| F|  |TS  0|AC  0|TAMS 0x00000006cbe00000, 0x00000006cbe00000|
|  89|0x00000006cbf00000, 0x00000006cbf00000, 0x00000006cc000000|  0%| F|  |TS  0|AC  0|TAMS 0x00000006cbf00000, 0x00000006cbf00000|
|  90|0x00000006cc000000, 0x00000006cc000000, 0x00000006cc100000|  0%| F|  |TS  0|AC  0|TAMS 0x00000006cc000000, 0x00000006cc000000|
|  91|0x00000006cc100000, 0x00000006cc100000, 0x00000006cc200000|  0%| F|  |TS  0|AC  0|TAMS 0x00000006cc100000, 0x00000006cc100000|
|  92|0x00000006cc200000, 0x00000006cc200000, 0x00000006cc300000|  0%| F|  |TS  0|AC  0|TAMS 0x00000006cc200000, 0x00000006cc200000|
|  93|0x00000006cc300000, 0x00000006cc300000, 0x00000006cc400000|  0%| F|  |TS  0|AC  0|TAMS 0x00000006cc300000, 0x00000006cc300000|
|  94|0x00000006cc400000, 0x00000006cc400000, 0x00000006cc500000|  0%| F|  |TS  0|AC  0|TAMS 0x00000006cc400000, 0x00000006cc400000|
|  95|0x00000006cc500000, 0x00000006cc500000, 0x00000006cc600000|  0%| F|  |TS  0|AC  0|TAMS 0x00000006cc500000, 0x00000006cc500000|
|  96|0x00000006cc600000, 0x00000006cc600000, 0x00000006cc700000|  0%| F|  |TS  0|AC  0|TAMS 0x00000006cc600000, 0x00000006cc600000|
|  97|0x00000006cc700000, 0x00000006cc700000, 0x00000006cc800000|  0%| F|  |TS  0|AC  0|TAMS 0x00000006cc700000, 0x00000006cc700000|
|  98|0x00000006cc800000, 0x00000006cc800000, 0x00000006cc900000|  0%| F|  |TS  0|AC  0|TAMS 0x00000006cc800000, 0x00000006cc800000|
|  99|0x00000006cc900000, 0x00000006cc900000, 0x00000006cca00000|  0%| F|  |TS  0|AC  0|TAMS 0x00000006cc900000, 0x00000006cc900000|
| 100|0x00000006cca00000, 0x00000006cca00000, 0x00000006ccb00000|  0%| F|  |TS  0|AC  0|TAMS 0x00000006cca00000, 0x00000006cca00000|
| 101|0x00000006ccb00000, 0x00000006ccb00000, 0x00000006ccc00000|  0%| F|  |TS  0|AC  0|TAMS 0x00000006ccb00000, 0x00000006ccb00000|
| 102|0x00000006ccc00000, 0x00000006ccc00000, 0x00000006ccd00000|  0%| F|  |TS  0|AC  0|TAMS 0x00000006ccc00000, 0x00000006ccc00000|
| 103|0x00000006ccd00000, 0x00000006ccd00000, 0x00000006cce00000|  0%| F|  |TS  0|AC  0|TAMS 0x00000006ccd00000, 0x00000006ccd00000|
| 104|0x00000006cce00000, 0x00000006cce00000, 0x00000006ccf00000|  0%| F|  |TS  0|AC  0|TAMS 0x00000006cce00000, 0x00000006cce00000|
| 105|0x00000006ccf00000, 0x00000006ccf00000, 0x00000006cd000000|  0%| F|  |TS  0|AC  0|TAMS 0x00000006ccf00000, 0x00000006ccf00000|
| 106|0x00000006cd000000, 0x00000006cd000000, 0x00000006cd100000|  0%| F|  |TS  0|AC  0|TAMS 0x00000006cd000000, 0x00000006cd000000|
| 107|0x00000006cd100000, 0x00000006cd100000, 0x00000006cd200000|  0%| F|  |TS  0|AC  0|TAMS 0x00000006cd100000, 0x00000006cd100000|
| 108|0x00000006cd200000, 0x00000006cd200000, 0x00000006cd300000|  0%| F|  |TS  0|AC  0|TAMS 0x00000006cd200000, 0x00000006cd200000|
| 109|0x00000006cd300000, 0x00000006cd300000, 0x00000006cd400000|  0%| F|  |TS  0|AC  0|TAMS 0x00000006cd300000, 0x00000006cd300000|
| 110|0x00000006cd400000, 0x00000006cd400000, 0x00000006cd500000|  0%| F|  |TS  0|AC  0|TAMS 0x00000006cd400000, 0x00000006cd400000|
| 111|0x00000006cd500000, 0x00000006cd500000, 0x00000006cd600000|  0%| F|  |TS  0|AC  0|TAMS 0x00000006cd500000, 0x00000006cd500000|
| 112|0x00000006cd600000, 0x00000006cd600000, 0x00000006cd700000|  0%| F|  |TS  0|AC  0|TAMS 0x00000006cd600000, 0x00000006cd600000|
| 113|0x00000006cd700000, 0x00000006cd700000, 0x00000006cd800000|  0%| F|  |TS  0|AC  0|TAMS 0x00000006cd700000, 0x00000006cd700000|
| 114|0x00000006cd800000, 0x00000006cd800000, 0x00000006cd900000|  0%| F|  |TS  0|AC  0|TAMS 0x00000006cd800000, 0x00000006cd800000|
| 115|0x00000006cd900000, 0x00000006cd900000, 0x00000006cda00000|  0%| F|  |TS  0|AC  0|TAMS 0x00000006cd900000, 0x00000006cd900000|
| 116|0x00000006cda00000, 0x00000006cda00000, 0x00000006cdb00000|  0%| F|  |TS  0|AC  0|TAMS 0x00000006cda00000, 0x00000006cda00000|
| 117|0x00000006cdb00000, 0x00000006cdb00000, 0x00000006cdc00000|  0%| F|  |TS  0|AC  0|TAMS 0x00000006cdb00000, 0x00000006cdb00000|
| 118|0x00000006cdc00000, 0x00000006cdc00000, 0x00000006cdd00000|  0%| F|  |TS  0|AC  0|TAMS 0x00000006cdc00000, 0x00000006cdc00000|
| 119|0x00000006cdd00000, 0x00000006cdd00000, 0x00000006cde00000|  0%| F|  |TS  0|AC  0|TAMS 0x00000006cdd00000, 0x00000006cdd00000|
| 120|0x00000006cde00000, 0x00000006cde00000, 0x00000006cdf00000|  0%| F|  |TS  0|AC  0|TAMS 0x00000006cde00000, 0x00000006cde00000|
| 121|0x00000006cdf00000, 0x00000006cdf00000, 0x00000006ce000000|  0%| F|  |TS  0|AC  0|TAMS 0x00000006cdf00000, 0x00000006cdf00000|
| 122|0x00000006ce000000, 0x00000006ce000000, 0x00000006ce100000|  0%| F|  |TS  0|AC  0|TAMS 0x00000006ce000000, 0x00000006ce000000|
| 123|0x00000006ce100000, 0x00000006ce100000, 0x00000006ce200000|  0%| F|  |TS  0|AC  0|TAMS 0x00000006ce100000, 0x00000006ce100000|
| 124|0x00000006ce200000, 0x00000006ce200000, 0x00000006ce300000|  0%| F|  |TS  0|AC  0|TAMS 0x00000006ce200000, 0x00000006ce200000|
| 125|0x00000006ce300000, 0x00000006ce300000, 0x00000006ce400000|  0%| F|  |TS  0|AC  0|TAMS 0x00000006ce300000, 0x00000006ce300000|
| 126|0x00000006ce400000, 0x00000006ce400000, 0x00000006ce500000|  0%| F|  |TS  0|AC  0|TAMS 0x00000006ce400000, 0x00000006ce400000|
| 127|0x00000006ce500000, 0x00000006ce500000, 0x00000006ce600000|  0%| F|  |TS  0|AC  0|TAMS 0x00000006ce500000, 0x00000006ce500000|
| 128|0x00000006ce600000, 0x00000006ce600000, 0x00000006ce700000|  0%| F|  |TS  0|AC  0|TAMS 0x00000006ce600000, 0x00000006ce600000|
| 129|0x00000006ce700000, 0x00000006ce700000, 0x00000006ce800000|  0%| F|  |TS  0|AC  0|TAMS 0x00000006ce700000, 0x00000006ce700000|
| 130|0x00000006ce800000, 0x00000006ce800000, 0x00000006ce900000|  0%| F|  |TS  0|AC  0|TAMS 0x00000006ce800000, 0x00000006ce800000|
| 131|0x00000006ce900000, 0x00000006ce900000, 0x00000006cea00000|  0%| F|  |TS  0|AC  0|TAMS 0x00000006ce900000, 0x00000006ce900000|
| 132|0x00000006cea00000, 0x00000006cea00000, 0x00000006ceb00000|  0%| F|  |TS  0|AC  0|TAMS 0x00000006cea00000, 0x00000006cea00000|
| 133|0x00000006ceb00000, 0x00000006ceb00000, 0x00000006cec00000|  0%| F|  |TS  0|AC  0|TAMS 0x00000006ceb00000, 0x00000006ceb00000|
| 134|0x00000006cec00000, 0x00000006cec00000, 0x00000006ced00000|  0%| F|  |TS  0|AC  0|TAMS 0x00000006cec00000, 0x00000006cec00000|
| 135|0x00000006ced00000, 0x00000006ced00000, 0x00000006cee00000|  0%| F|  |TS  0|AC  0|TAMS 0x00000006ced00000, 0x00000006ced00000|
| 136|0x00000006cee00000, 0x00000006cee00000, 0x00000006cef00000|  0%| F|  |TS  0|AC  0|TAMS 0x00000006cee00000, 0x00000006cee00000|
| 137|0x00000006cef00000, 0x00000006cef00000, 0x00000006cf000000|  0%| F|  |TS  0|AC  0|TAMS 0x00000006cef00000, 0x00000006cef00000|
| 138|0x00000006cf000000, 0x00000006cf000000, 0x00000006cf100000|  0%| F|  |TS  0|AC  0|TAMS 0x00000006cf000000, 0x00000006cf000000|
| 139|0x00000006cf100000, 0x00000006cf100000, 0x00000006cf200000|  0%| F|  |TS  0|AC  0|TAMS 0x00000006cf100000, 0x00000006cf100000|
| 140|0x00000006cf200000, 0x00000006cf200000, 0x00000006cf300000|  0%| F|  |TS  0|AC  0|TAMS 0x00000006cf200000, 0x00000006cf200000|
| 141|0x00000006cf300000, 0x00000006cf300000, 0x00000006cf400000|  0%| F|  |TS  0|AC  0|TAMS 0x00000006cf300000, 0x00000006cf300000|
| 142|0x00000006cf400000, 0x00000006cf400000, 0x00000006cf500000|  0%| F|  |TS  0|AC  0|TAMS 0x00000006cf400000, 0x00000006cf400000|
| 143|0x00000006cf500000, 0x00000006cf500000, 0x00000006cf600000|  0%| F|  |TS  0|AC  0|TAMS 0x00000006cf500000, 0x00000006cf500000|
| 144|0x00000006cf600000, 0x00000006cf600000, 0x00000006cf700000|  0%| F|  |TS  0|AC  0|TAMS 0x00000006cf600000, 0x00000006cf600000|
| 145|0x00000006cf700000, 0x00000006cf700000, 0x00000006cf800000|  0%| F|  |TS  0|AC  0|TAMS 0x00000006cf700000, 0x00000006cf700000|
| 146|0x00000006cf800000, 0x00000006cf800000, 0x00000006cf900000|  0%| F|  |TS  0|AC  0|TAMS 0x00000006cf800000, 0x00000006cf800000|
| 147|0x00000006cf900000, 0x00000006cf900000, 0x00000006cfa00000|  0%| F|  |TS  0|AC  0|TAMS 0x00000006cf900000, 0x00000006cf900000|
| 148|0x00000006cfa00000, 0x00000006cfa00000, 0x00000006cfb00000|  0%| F|  |TS  0|AC  0|TAMS 0x00000006cfa00000, 0x00000006cfa00000|
| 149|0x00000006cfb00000, 0x00000006cfb00000, 0x00000006cfc00000|  0%| F|  |TS  0|AC  0|TAMS 0x00000006cfb00000, 0x00000006cfb00000|
| 150|0x00000006cfc00000, 0x00000006cfc00000, 0x00000006cfd00000|  0%| F|  |TS  0|AC  0|TAMS 0x00000006cfc00000, 0x00000006cfc00000|
| 151|0x00000006cfd00000, 0x00000006cfd00000, 0x00000006cfe00000|  0%| F|  |TS  0|AC  0|TAMS 0x00000006cfd00000, 0x00000006cfd00000|
| 152|0x00000006cfe00000, 0x00000006cfe00000, 0x00000006cff00000|  0%| F|  |TS  0|AC  0|TAMS 0x00000006cfe00000, 0x00000006cfe00000|
| 153|0x00000006cff00000, 0x00000006cff00000, 0x00000006d0000000|  0%| F|  |TS  0|AC  0|TAMS 0x00000006cff00000, 0x00000006cff00000|
| 154|0x00000006d0000000, 0x00000006d0000000, 0x00000006d0100000|  0%| F|  |TS  0|AC  0|TAMS 0x00000006d0000000, 0x00000006d0000000|
| 155|0x00000006d0100000, 0x00000006d0100000, 0x00000006d0200000|  0%| F|  |TS  0|AC  0|TAMS 0x00000006d0100000, 0x00000006d0100000|
| 156|0x00000006d0200000, 0x00000006d0200000, 0x00000006d0300000|  0%| F|  |TS  0|AC  0|TAMS 0x00000006d0200000, 0x00000006d0200000|
| 157|0x00000006d0300000, 0x00000006d0300000, 0x00000006d0400000|  0%| F|  |TS  0|AC  0|TAMS 0x00000006d0300000, 0x00000006d0300000|
| 158|0x00000006d0400000, 0x00000006d0400000, 0x00000006d0500000|  0%| F|  |TS  0|AC  0|TAMS 0x00000006d0400000, 0x00000006d0400000|
| 159|0x00000006d0500000, 0x00000006d0500000, 0x00000006d0600000|  0%| F|  |TS  0|AC  0|TAMS 0x00000006d0500000, 0x00000006d0500000|
| 160|0x00000006d0600000, 0x00000006d0600000, 0x00000006d0700000|  0%| F|  |TS  0|AC  0|TAMS 0x00000006d0600000, 0x00000006d0600000|
| 161|0x00000006d0700000, 0x00000006d0700000, 0x00000006d0800000|  0%| F|  |TS  0|AC  0|TAMS 0x00000006d0700000, 0x00000006d0700000|
| 162|0x00000006d0800000, 0x00000006d0800000, 0x00000006d0900000|  0%| F|  |TS  0|AC  0|TAMS 0x00000006d0800000, 0x00000006d0800000|
| 163|0x00000006d0900000, 0x00000006d0900000, 0x00000006d0a00000|  0%| F|  |TS  0|AC  0|TAMS 0x00000006d0900000, 0x00000006d0900000|
| 164|0x00000006d0a00000, 0x00000006d0a00000, 0x00000006d0b00000|  0%| F|  |TS  0|AC  0|TAMS 0x00000006d0a00000, 0x00000006d0a00000|
| 165|0x00000006d0b00000, 0x00000006d0b00000, 0x00000006d0c00000|  0%| F|  |TS  0|AC  0|TAMS 0x00000006d0b00000, 0x00000006d0b00000|
| 166|0x00000006d0c00000, 0x00000006d0c00000, 0x00000006d0d00000|  0%| F|  |TS  0|AC  0|TAMS 0x00000006d0c00000, 0x00000006d0c00000|
| 167|0x00000006d0d00000, 0x00000006d0d00000, 0x00000006d0e00000|  0%| F|  |TS  0|AC  0|TAMS 0x00000006d0d00000, 0x00000006d0d00000|
| 168|0x00000006d0e00000, 0x00000006d0e00000, 0x00000006d0f00000|  0%| F|  |TS  0|AC  0|TAMS 0x00000006d0e00000, 0x00000006d0e00000|
| 169|0x00000006d0f00000, 0x00000006d0f00000, 0x00000006d1000000|  0%| F|  |TS  0|AC  0|TAMS 0x00000006d0f00000, 0x00000006d0f00000|
| 170|0x00000006d1000000, 0x00000006d1000000, 0x00000006d1100000|  0%| F|  |TS  0|AC  0|TAMS 0x00000006d1000000, 0x00000006d1000000|
| 171|0x00000006d1100000, 0x00000006d1100000, 0x00000006d1200000|  0%| F|  |TS  0|AC  0|TAMS 0x00000006d1100000, 0x00000006d1100000|
| 172|0x00000006d1200000, 0x00000006d1200000, 0x00000006d1300000|  0%| F|  |TS  0|AC  0|TAMS 0x00000006d1200000, 0x00000006d1200000|
| 173|0x00000006d1300000, 0x00000006d1300000, 0x00000006d1400000|  0%| F|  |TS  0|AC  0|TAMS 0x00000006d1300000, 0x00000006d1300000|
| 174|0x00000006d1400000, 0x00000006d1400000, 0x00000006d1500000|  0%| F|  |TS  0|AC  0|TAMS 0x00000006d1400000, 0x00000006d1400000|
| 175|0x00000006d1500000, 0x00000006d1500000, 0x00000006d1600000|  0%| F|  |TS  0|AC  0|TAMS 0x00000006d1500000, 0x00000006d1500000|
| 176|0x00000006d1600000, 0x00000006d1600000, 0x00000006d1700000|  0%| F|  |TS  0|AC  0|TAMS 0x00000006d1600000, 0x00000006d1600000|
| 177|0x00000006d1700000, 0x00000006d1700000, 0x00000006d1800000|  0%| F|  |TS  0|AC  0|TAMS 0x00000006d1700000, 0x00000006d1700000|
| 178|0x00000006d1800000, 0x00000006d1800000, 0x00000006d1900000|  0%| F|  |TS  0|AC  0|TAMS 0x00000006d1800000, 0x00000006d1800000|
| 179|0x00000006d1900000, 0x00000006d1900000, 0x00000006d1a00000|  0%| F|  |TS  0|AC  0|TAMS 0x00000006d1900000, 0x00000006d1900000|
| 180|0x00000006d1a00000, 0x00000006d1a00000, 0x00000006d1b00000|  0%| F|  |TS  0|AC  0|TAMS 0x00000006d1a00000, 0x00000006d1a00000|
| 181|0x00000006d1b00000, 0x00000006d1b00000, 0x00000006d1c00000|  0%| F|  |TS  0|AC  0|TAMS 0x00000006d1b00000, 0x00000006d1b00000|
| 182|0x00000006d1c00000, 0x00000006d1c00000, 0x00000006d1d00000|  0%| F|  |TS  0|AC  0|TAMS 0x00000006d1c00000, 0x00000006d1c00000|
| 183|0x00000006d1d00000, 0x00000006d1d00000, 0x00000006d1e00000|  0%| F|  |TS  0|AC  0|TAMS 0x00000006d1d00000, 0x00000006d1d00000|
| 184|0x00000006d1e00000, 0x00000006d1e00000, 0x00000006d1f00000|  0%| F|  |TS  0|AC  0|TAMS 0x00000006d1e00000, 0x00000006d1e00000|
| 185|0x00000006d1f00000, 0x00000006d1f00000, 0x00000006d2000000|  0%| F|  |TS  0|AC  0|TAMS 0x00000006d1f00000, 0x00000006d1f00000|
| 186|0x00000006d2000000, 0x00000006d2000000, 0x00000006d2100000|  0%| F|  |TS  0|AC  0|TAMS 0x00000006d2000000, 0x00000006d2000000|
| 187|0x00000006d2100000, 0x00000006d2100000, 0x00000006d2200000|  0%| F|  |TS  0|AC  0|TAMS 0x00000006d2100000, 0x00000006d2100000|
| 188|0x00000006d2200000, 0x00000006d2200000, 0x00000006d2300000|  0%| F|  |TS  0|AC  0|TAMS 0x00000006d2200000, 0x00000006d2200000|
| 189|0x00000006d2300000, 0x00000006d2300000, 0x00000006d2400000|  0%| F|  |TS  0|AC  0|TAMS 0x00000006d2300000, 0x00000006d2300000|
| 190|0x00000006d2400000, 0x00000006d2400000, 0x00000006d2500000|  0%| F|  |TS  0|AC  0|TAMS 0x00000006d2400000, 0x00000006d2400000|
| 191|0x00000006d2500000, 0x00000006d2500000, 0x00000006d2600000|  0%| F|  |TS  0|AC  0|TAMS 0x00000006d2500000, 0x00000006d2500000|
| 192|0x00000006d2600000, 0x00000006d2600000, 0x00000006d2700000|  0%| F|  |TS  0|AC  0|TAMS 0x00000006d2600000, 0x00000006d2600000|
| 193|0x00000006d2700000, 0x00000006d2700000, 0x00000006d2800000|  0%| F|  |TS  0|AC  0|TAMS 0x00000006d2700000, 0x00000006d2700000|
| 194|0x00000006d2800000, 0x00000006d2800000, 0x00000006d2900000|  0%| F|  |TS  0|AC  0|TAMS 0x00000006d2800000, 0x00000006d2800000|
| 195|0x00000006d2900000, 0x00000006d2900000, 0x00000006d2a00000|  0%| F|  |TS  0|AC  0|TAMS 0x00000006d2900000, 0x00000006d2900000|
| 196|0x00000006d2a00000, 0x00000006d2a00000, 0x00000006d2b00000|  0%| F|  |TS  0|AC  0|TAMS 0x00000006d2a00000, 0x00000006d2a00000|
| 197|0x00000006d2b00000, 0x00000006d2b00000, 0x00000006d2c00000|  0%| F|  |TS  0|AC  0|TAMS 0x00000006d2b00000, 0x00000006d2b00000|
| 198|0x00000006d2c00000, 0x00000006d2c00000, 0x00000006d2d00000|  0%| F|  |TS  0|AC  0|TAMS 0x00000006d2c00000, 0x00000006d2c00000|
| 199|0x00000006d2d00000, 0x00000006d2d00000, 0x00000006d2e00000|  0%| F|  |TS  0|AC  0|TAMS 0x00000006d2d00000, 0x00000006d2d00000|
| 200|0x00000006d2e00000, 0x00000006d2e00000, 0x00000006d2f00000|  0%| F|  |TS  0|AC  0|TAMS 0x00000006d2e00000, 0x00000006d2e00000|
| 201|0x00000006d2f00000, 0x00000006d2f00000, 0x00000006d3000000|  0%| F|  |TS  0|AC  0|TAMS 0x00000006d2f00000, 0x00000006d2f00000|
| 202|0x00000006d3000000, 0x00000006d3000000, 0x00000006d3100000|  0%| F|  |TS  0|AC  0|TAMS 0x00000006d3000000, 0x00000006d3000000|
| 203|0x00000006d3100000, 0x00000006d3100000, 0x00000006d3200000|  0%| F|  |TS  0|AC  0|TAMS 0x00000006d3100000, 0x00000006d3100000|
| 204|0x00000006d3200000, 0x00000006d3200000, 0x00000006d3300000|  0%| F|  |TS  0|AC  0|TAMS 0x00000006d3200000, 0x00000006d3200000|
| 205|0x00000006d3300000, 0x00000006d3300000, 0x00000006d3400000|  0%| F|  |TS  0|AC  0|TAMS 0x00000006d3300000, 0x00000006d3300000|
| 206|0x00000006d3400000, 0x00000006d3400000, 0x00000006d3500000|  0%| F|  |TS  0|AC  0|TAMS 0x00000006d3400000, 0x00000006d3400000|
| 207|0x00000006d3500000, 0x00000006d3500000, 0x00000006d3600000|  0%| F|  |TS  0|AC  0|TAMS 0x00000006d3500000, 0x00000006d3500000|
| 208|0x00000006d3600000, 0x00000006d3600000, 0x00000006d3700000|  0%| F|  |TS  0|AC  0|TAMS 0x00000006d3600000, 0x00000006d3600000|
| 209|0x00000006d3700000, 0x00000006d3700000, 0x00000006d3800000|  0%| F|  |TS  0|AC  0|TAMS 0x00000006d3700000, 0x00000006d3700000|
| 210|0x00000006d3800000, 0x00000006d3800000, 0x00000006d3900000|  0%| F|  |TS  0|AC  0|TAMS 0x00000006d3800000, 0x00000006d3800000|
| 211|0x00000006d3900000, 0x00000006d3900000, 0x00000006d3a00000|  0%| F|  |TS  0|AC  0|TAMS 0x00000006d3900000, 0x00000006d3900000|
| 212|0x00000006d3a00000, 0x00000006d3a00000, 0x00000006d3b00000|  0%| F|  |TS  0|AC  0|TAMS 0x00000006d3a00000, 0x00000006d3a00000|
| 213|0x00000006d3b00000, 0x00000006d3b00000, 0x00000006d3c00000|  0%| F|  |TS  0|AC  0|TAMS 0x00000006d3b00000, 0x00000006d3b00000|
| 214|0x00000006d3c00000, 0x00000006d3c00000, 0x00000006d3d00000|  0%| F|  |TS  0|AC  0|TAMS 0x00000006d3c00000, 0x00000006d3c00000|
| 215|0x00000006d3d00000, 0x00000006d3d00000, 0x00000006d3e00000|  0%| F|  |TS  0|AC  0|TAMS 0x00000006d3d00000, 0x00000006d3d00000|
| 216|0x00000006d3e00000, 0x00000006d3e00000, 0x00000006d3f00000|  0%| F|  |TS  0|AC  0|TAMS 0x00000006d3e00000, 0x00000006d3e00000|
| 217|0x00000006d3f00000, 0x00000006d3f00000, 0x00000006d4000000|  0%| F|  |TS  0|AC  0|TAMS 0x00000006d3f00000, 0x00000006d3f00000|
| 218|0x00000006d4000000, 0x00000006d4000000, 0x00000006d4100000|  0%| F|  |TS  0|AC  0|TAMS 0x00000006d4000000, 0x00000006d4000000|
| 219|0x00000006d4100000, 0x00000006d4100000, 0x00000006d4200000|  0%| F|  |TS  0|AC  0|TAMS 0x00000006d4100000, 0x00000006d4100000|
| 220|0x00000006d4200000, 0x00000006d4200000, 0x00000006d4300000|  0%| F|  |TS  0|AC  0|TAMS 0x00000006d4200000, 0x00000006d4200000|
| 221|0x00000006d4300000, 0x00000006d4300000, 0x00000006d4400000|  0%| F|  |TS  0|AC  0|TAMS 0x00000006d4300000, 0x00000006d4300000|
| 222|0x00000006d4400000, 0x00000006d4400000, 0x00000006d4500000|  0%| F|  |TS  0|AC  0|TAMS 0x00000006d4400000, 0x00000006d4400000|
| 223|0x00000006d4500000, 0x00000006d4600000, 0x00000006d4600000|100%| S|CS|TS  1|AC  0|TAMS 0x00000006d4500000, 0x00000006d4500000|
| 224|0x00000006d4600000, 0x00000006d4700000, 0x00000006d4700000|100%| S|CS|TS  1|AC  0|TAMS 0x00000006d4600000, 0x00000006d4600000|
| 225|0x00000006d4700000, 0x00000006d4800000, 0x00000006d4800000|100%| S|CS|TS  1|AC  0|TAMS 0x00000006d4700000, 0x00000006d4700000|
| 226|0x00000006d4800000, 0x00000006d4800000, 0x00000006d4900000|  0%| F|  |TS  1|AC  0|TAMS 0x00000006d4800000, 0x00000006d4800000|
| 227|0x00000006d4900000, 0x00000006d4900000, 0x00000006d4a00000|  0%| F|  |TS  1|AC  0|TAMS 0x00000006d4900000, 0x00000006d4900000|
| 228|0x00000006d4a00000, 0x00000006d4a00000, 0x00000006d4b00000|  0%| F|  |TS  1|AC  0|TAMS 0x00000006d4a00000, 0x00000006d4a00000|
| 229|0x00000006d4b00000, 0x00000006d4c00000, 0x00000006d4c00000|100%| E|  |TS  1|AC  0|TAMS 0x00000006d4b00000, 0x00000006d4b00000|
| 230|0x00000006d4c00000, 0x00000006d4d00000, 0x00000006d4d00000|100%| E|CS|TS  1|AC  0|TAMS 0x00000006d4c00000, 0x00000006d4c00000|
| 231|0x00000006d4d00000, 0x00000006d4e00000, 0x00000006d4e00000|100%| E|CS|TS  1|AC  0|TAMS 0x00000006d4d00000, 0x00000006d4d00000|
| 232|0x00000006d4e00000, 0x00000006d4f00000, 0x00000006d4f00000|100%| E|CS|TS  1|AC  0|TAMS 0x00000006d4e00000, 0x00000006d4e00000|
| 233|0x00000006d4f00000, 0x00000006d5000000, 0x00000006d5000000|100%| E|CS|TS  1|AC  0|TAMS 0x00000006d4f00000, 0x00000006d4f00000|
| 234|0x00000006d5000000, 0x00000006d5100000, 0x00000006d5100000|100%| E|CS|TS  1|AC  0|TAMS 0x00000006d5000000, 0x00000006d5000000|
| 235|0x00000006d5100000, 0x00000006d5200000, 0x00000006d5200000|100%| E|CS|TS  1|AC  0|TAMS 0x00000006d5100000, 0x00000006d5100000|
| 236|0x00000006d5200000, 0x00000006d5300000, 0x00000006d5300000|100%| E|CS|TS  1|AC  0|TAMS 0x00000006d5200000, 0x00000006d5200000|
| 237|0x00000006d5300000, 0x00000006d5400000, 0x00000006d5400000|100%| E|CS|TS  1|AC  0|TAMS 0x00000006d5300000, 0x00000006d5300000|
| 238|0x00000006d5400000, 0x00000006d5500000, 0x00000006d5500000|100%| E|CS|TS  1|AC  0|TAMS 0x00000006d5400000, 0x00000006d5400000|
| 239|0x00000006d5500000, 0x00000006d5600000, 0x00000006d5600000|100%| E|CS|TS  1|AC  0|TAMS 0x00000006d5500000, 0x00000006d5500000|
| 240|0x00000006d5600000, 0x00000006d5700000, 0x00000006d5700000|100%| E|CS|TS  1|AC  0|TAMS 0x00000006d5600000, 0x00000006d5600000|
| 241|0x00000006d5700000, 0x00000006d5800000, 0x00000006d5800000|100%| E|CS|TS  1|AC  0|TAMS 0x00000006d5700000, 0x00000006d5700000|
| 242|0x00000006d5800000, 0x00000006d5900000, 0x00000006d5900000|100%| E|CS|TS  1|AC  0|TAMS 0x00000006d5800000, 0x00000006d5800000|
| 243|0x00000006d5900000, 0x00000006d5a00000, 0x00000006d5a00000|100%| E|CS|TS  1|AC  0|TAMS 0x00000006d5900000, 0x00000006d5900000|
| 244|0x00000006d5a00000, 0x00000006d5b00000, 0x00000006d5b00000|100%| E|CS|TS  1|AC  0|TAMS 0x00000006d5a00000, 0x00000006d5a00000|
| 245|0x00000006d5b00000, 0x00000006d5c00000, 0x00000006d5c00000|100%| E|CS|TS  1|AC  0|TAMS 0x00000006d5b00000, 0x00000006d5b00000|
| 246|0x00000006d5c00000, 0x00000006d5d00000, 0x00000006d5d00000|100%| E|CS|TS  1|AC  0|TAMS 0x00000006d5c00000, 0x00000006d5c00000|
| 247|0x00000006d5d00000, 0x00000006d5e00000, 0x00000006d5e00000|100%| E|CS|TS  1|AC  0|TAMS 0x00000006d5d00000, 0x00000006d5d00000|
| 248|0x00000006d5e00000, 0x00000006d5f00000, 0x00000006d5f00000|100%| E|CS|TS  1|AC  0|TAMS 0x00000006d5e00000, 0x00000006d5e00000|
| 249|0x00000006d5f00000, 0x00000006d6000000, 0x00000006d6000000|100%| E|CS|TS  1|AC  0|TAMS 0x00000006d5f00000, 0x00000006d5f00000|

Card table byte_map: [0x000001bf75070000,0x000001bf75840000] byte_map_base: 0x000001bf71a3d000

Marking Bits (Prev, Next): (CMBitMap*) 0x000001bf676a1bb0, (CMBitMap*) 0x000001bf676a1be8
 Prev Bits: [0x000001bf76010000, 0x000001bf79e78000)
 Next Bits: [0x000001bf79e80000, 0x000001bf7dce8000)

Polling page: 0x000001bf675a0000

CodeHeap 'non-profiled nmethods': size=120000Kb used=624Kb max_used=624Kb free=119375Kb
 bounds [0x000001bf07ad0000, 0x000001bf07d40000, 0x000001bf0f000000]
CodeHeap 'profiled nmethods': size=120000Kb used=3165Kb max_used=3165Kb free=116834Kb
 bounds [0x000001bf005a0000, 0x000001bf008c0000, 0x000001bf07ad0000]
CodeHeap 'non-nmethods': size=5760Kb used=1264Kb max_used=1288Kb free=4495Kb
 bounds [0x000001bf00000000, 0x000001bf00270000, 0x000001bf005a0000]
 total_blobs=2332 nmethods=1547 adapters=356
 compilation: enabled

Compilation events (10 events):
Event: 1.547 Thread 0x000001bf10642800 nmethod 1532 0x000001bf0089fb10 code [0x000001bf0089fd40, 0x000001bf008a0580]
Event: 1.547 Thread 0x000001bf105e1000 nmethod 1533 0x000001bf07b6af90 code [0x000001bf07b6b120, 0x000001bf07b6b1f8]
Event: 1.547 Thread 0x000001bf10642800 1535       3       sun.nio.fs.WindowsPath::elementAsString (62 bytes)
Event: 1.548 Thread 0x000001bf10642800 nmethod 1535 0x000001bf008a0890 code [0x000001bf008a0a80, 0x000001bf008a1070]
Event: 1.549 Thread 0x000001bf0f97e000 nmethod 1530 0x000001bf07b6b310 code [0x000001bf07b6b4a0, 0x000001bf07b6b658]
Event: 1.556 Thread 0x000001bf10642800 1536       3       java.util.Formatter$FormatSpecifier::printDateTime (149 bytes)
Event: 1.558 Thread 0x000001bf10642800 nmethod 1536 0x000001bf008a1310 code [0x000001bf008a1660, 0x000001bf008a2f80]
Event: 1.558 Thread 0x000001bf10642800 1537       3       java.util.Formatter$FormatSpecifier::print (76 bytes)
Event: 1.559 Thread 0x000001bf10642800 nmethod 1537 0x000001bf008a3490 code [0x000001bf008a3740, 0x000001bf008a43f0]
Event: 1.559 Thread 0x000001bf10642800 1538   !   3       java.util.Formatter$FormatSpecifier::print (1732 bytes)

GC Heap History (2 events):
Event: 1.092 GC heap before
{Heap before GC invocations=0 (full 0):
 garbage-first heap   total 256000K, used 24576K [0x00000006c6600000, 0x00000006c67007d0, 0x00000007c0000000)
  region size 1024K, 24 young (24576K), 0 survivors (0K)
 Metaspace       used 10900K, capacity 11126K, committed 11264K, reserved 1067008K
  class space    used 1085K, capacity 1159K, committed 1280K, reserved 1048576K
}
Event: 1.097 GC heap after
{Heap after GC invocations=1 (full 0):
 garbage-first heap   total 256000K, used 8103K [0x00000006c6600000, 0x00000006c67007d0, 0x00000007c0000000)
  region size 1024K, 3 young (3072K), 3 survivors (3072K)
 Metaspace       used 10900K, capacity 11126K, committed 11264K, reserved 1067008K
  class space    used 1085K, capacity 1159K, committed 1280K, reserved 1048576K
}

Deoptimization events (10 events):
Event: 0.435 Thread 0x000001bf67609000 Uncommon trap: reason=unstable_if action=reinterpret pc=0x000001bf07af8998 method=java.lang.String.startsWith(Ljava/lang/String;I)Z @ 1 c2
Event: 0.495 Thread 0x000001bf67609000 Uncommon trap: reason=bimorphic_or_optimized_type_check action=maybe_recompile pc=0x000001bf07af67c8 method=java.util.HashMap.getNode(ILjava/lang/Object;)Ljava/util/HashMap$Node; @ 59 c2
Event: 0.507 Thread 0x000001bf67609000 Uncommon trap: reason=unstable_if action=reinterpret pc=0x000001bf07b00d7c method=java.io.WinNTFileSystem.isSlash(C)Z @ 9 c2
Event: 0.507 Thread 0x000001bf67609000 Uncommon trap: reason=bimorphic_or_optimized_type_check action=maybe_recompile pc=0x000001bf07afa7a0 method=java.util.HashMap.getNode(ILjava/lang/Object;)Ljava/util/HashMap$Node; @ 59 c2
Event: 0.577 Thread 0x000001bf67609000 Uncommon trap: reason=unstable_if action=reinterpret pc=0x000001bf07ad63dc method=java.net.URI.match(CJJ)Z @ 45 c2
Event: 1.062 Thread 0x000001bf67609000 Uncommon trap: reason=unstable_if action=reinterpret pc=0x000001bf07b2e32c method=java.io.WinNTFileSystem.normalize(Ljava/lang/String;)Ljava/lang/String; @ 128 c2
Event: 1.186 Thread 0x000001bf67609000 Uncommon trap: reason=unstable_if action=reinterpret pc=0x000001bf07afff34 method=java.lang.StringLatin1.canEncode(I)Z @ 4 c2
Event: 1.186 Thread 0x000001bf67609000 Uncommon trap: reason=unstable_if action=reinterpret pc=0x000001bf07b00824 method=java.lang.AbstractStringBuilder.isLatin1()Z @ 10 c2
Event: 1.186 Thread 0x000001bf67609000 Uncommon trap: reason=unstable_if action=reinterpret pc=0x000001bf07b174f4 method=java.lang.AbstractStringBuilder.isLatin1()Z @ 10 c2
Event: 1.512 Thread 0x000001bf67609000 Uncommon trap: reason=unstable_if action=reinterpret pc=0x000001bf07b2c3bc method=sun.net.www.ParseUtil.firstEncodeIndex(Ljava/lang/String;)I @ 82 c2

Classes redefined (0 events):
No events

Internal exceptions (10 events):
Event: 0.828 Thread 0x000001bf67609000 Exception <a 'java/lang/NoSuchMethodError'{0x00000006d498e200}: method resolution failed> (0x00000006d498e200) thrown at [t:/workspace/hotspot/src/share/vm/prims/methodHandles.cpp, line 1256]
Event: 0.828 Thread 0x000001bf67609000 Exception <a 'java/lang/NoSuchMethodError'{0x00000006d4991628}: java.lang.invoke.DirectMethodHandle$Holder.invokeStaticInit(Ljava/lang/Object;IIII)Ljava/lang/Object;> (0x00000006d4991628) thrown at [t:/workspace/hotspot/src/share/vm/interpreter/linkResolv
Event: 1.067 Thread 0x000001bf67609000 Exception <a 'java/lang/NoSuchMethodError'{0x00000006d49d5048}: method resolution failed> (0x00000006d49d5048) thrown at [t:/workspace/hotspot/src/share/vm/prims/methodHandles.cpp, line 1256]
Event: 1.068 Thread 0x000001bf67609000 Exception <a 'java/lang/NoSuchMethodError'{0x00000006d49d86d8}: java.lang.invoke.DirectMethodHandle$Holder.invokeStaticInit(Ljava/lang/Object;Ljava/lang/Object;IIII)Ljava/lang/Object;> (0x00000006d49d86d8) thrown at [t:/workspace/hotspot/src/share/vm/inte
Event: 1.198 Thread 0x000001bf67609000 Exception <a 'java/lang/NoSuchMethodError'{0x00000006d5b1b300}: java.lang.invoke.DirectMethodHandle$Holder.invokeStatic(Ljava/lang/Object;Ljava/lang/Object;Ljava/lang/Object;Ljava/lang/Object;Ljava/lang/Object;Ljava/lang/Object;Ljava/lang/Object;Ljava/lan
Event: 1.200 Thread 0x000001bf67609000 Exception <a 'java/lang/NoSuchMethodError'{0x00000006d5b39de8}: java.lang.invoke.DirectMethodHandle$Holder.invokeStatic(Ljava/lang/Object;Ljava/lang/Object;Ljava/lang/Object;Ljava/lang/Object;Ljava/lang/Object;Ljava/lang/Object;Ljava/lang/Object;Ljava/lan
Event: 1.202 Thread 0x000001bf67609000 Exception <a 'java/lang/NoSuchMethodError'{0x00000006d5b596c8}: java.lang.invoke.DirectMethodHandle$Holder.invokeStatic(Ljava/lang/Object;Ljava/lang/Object;Ljava/lang/Object;Ljava/lang/Object;Ljava/lang/Object;Ljava/lang/Object;Ljava/lang/Object;Ljava/lan
Event: 1.205 Thread 0x000001bf67609000 Exception <a 'sun/nio/fs/WindowsException'{0x00000006d5b6c948}> (0x00000006d5b6c948) thrown at [t:/workspace/hotspot/src/share/vm/prims/jni.cpp, line 604]
Event: 1.219 Thread 0x000001bf67609000 Exception <a 'sun/nio/fs/WindowsException'{0x00000006d5bca430}> (0x00000006d5bca430) thrown at [t:/workspace/hotspot/src/share/vm/prims/jni.cpp, line 604]
Event: 1.244 Thread 0x000001bf67609000 Exception <a 'java/lang/ClassNotFoundException'{0x00000006d5aa9180}: sun/util/logging/resources/spi/loggingProvider> (0x00000006d5aa9180) thrown at [t:/workspace/hotspot/src/share/vm/classfile/systemDictionary.cpp, line 218]

Events (10 events):
Event: 1.512 Thread 0x000001bf67609000 DEOPT PACKING pc=0x000001bf07b2c3bc sp=0x00000009578fe4a0
Event: 1.512 Thread 0x000001bf67609000 DEOPT UNPACKING pc=0x000001bf0004df29 sp=0x00000009578fe430 mode 2
Event: 1.512 loading class sun/nio/cs/ThreadLocalCoders
Event: 1.512 loading class sun/nio/cs/ThreadLocalCoders done
Event: 1.512 loading class sun/nio/cs/ThreadLocalCoders$1
Event: 1.512 loading class sun/nio/cs/ThreadLocalCoders$Cache
Event: 1.512 loading class sun/nio/cs/ThreadLocalCoders$Cache done
Event: 1.512 loading class sun/nio/cs/ThreadLocalCoders$1 done
Event: 1.512 loading class sun/nio/cs/ThreadLocalCoders$2
Event: 1.512 loading class sun/nio/cs/ThreadLocalCoders$2 done


Dynamic libraries:
0x00007ff7ef080000 - 0x00007ff7ef0be000 	C:\Program Files\Java\jdk-9.0.4\bin\javaw.exe
0x00007ffb9ed40000 - 0x00007ffb9ef21000 	C:\WINDOWS\SYSTEM32\ntdll.dll
0x00007ffb9c780000 - 0x00007ffb9c832000 	C:\WINDOWS\System32\KERNEL32.DLL
0x00007ffb9b3b0000 - 0x00007ffb9b623000 	C:\WINDOWS\System32\KERNELBASE.dll
0x00007ffb9d2e0000 - 0x00007ffb9d381000 	C:\WINDOWS\System32\ADVAPI32.dll
0x00007ffb9d200000 - 0x00007ffb9d29e000 	C:\WINDOWS\System32\msvcrt.dll
0x00007ffb9c460000 - 0x00007ffb9c4bb000 	C:\WINDOWS\System32\sechost.dll
0x00007ffb9c650000 - 0x00007ffb9c774000 	C:\WINDOWS\System32\RPCRT4.dll
0x00007ffb9c4c0000 - 0x00007ffb9c650000 	C:\WINDOWS\System32\USER32.dll
0x00007ffb9c1b0000 - 0x00007ffb9c1d0000 	C:\WINDOWS\System32\win32u.dll
0x00007ffb9c840000 - 0x00007ffb9c868000 	C:\WINDOWS\System32\GDI32.dll
0x00007ffb9b1c0000 - 0x00007ffb9b352000 	C:\WINDOWS\System32\gdi32full.dll
0x00007ffb9c110000 - 0x00007ffb9c1af000 	C:\WINDOWS\System32\msvcp_win.dll
0x00007ffb9c010000 - 0x00007ffb9c10a000 	C:\WINDOWS\System32\ucrtbase.dll
0x00007ffb8d660000 - 0x00007ffb8d8c9000 	C:\WINDOWS\WinSxS\amd64_microsoft.windows.common-controls_6595b64144ccf1df_6.0.17134.285_none_fb4297e330656775\COMCTL32.dll
0x00007ffb92a20000 - 0x00007ffb92a2a000 	C:\WINDOWS\SYSTEM32\VERSION.dll
0x00007ffb9cde0000 - 0x00007ffb9d103000 	C:\WINDOWS\System32\combase.dll
0x00007ffb9bf90000 - 0x00007ffb9c00a000 	C:\WINDOWS\System32\bcryptPrimitives.dll
0x00007ffb9d2b0000 - 0x00007ffb9d2dd000 	C:\WINDOWS\System32\IMM32.DLL
0x00007ffb58770000 - 0x00007ffb5885f000 	C:\Program Files\Java\jdk-9.0.4\bin\msvcr120.dll
0x00007ffb60560000 - 0x00007ffb60606000 	C:\Program Files\Java\jdk-9.0.4\bin\msvcp120.dll
0x0000000064dd0000 - 0x00000000657f5000 	C:\Program Files\Java\jdk-9.0.4\bin\server\jvm.dll
0x00007ffb9c920000 - 0x00007ffb9c928000 	C:\WINDOWS\System32\PSAPI.DLL
0x00007ffb99c60000 - 0x00007ffb99c69000 	C:\WINDOWS\SYSTEM32\WSOCK32.dll
0x00007ffb95ce0000 - 0x00007ffb95d03000 	C:\WINDOWS\SYSTEM32\WINMM.dll
0x00007ffb9cb90000 - 0x00007ffb9cbfc000 	C:\WINDOWS\System32\WS2_32.dll
0x00007ffb95cb0000 - 0x00007ffb95cda000 	C:\WINDOWS\SYSTEM32\winmmbase.dll
0x00007ffb9b360000 - 0x00007ffb9b3a9000 	C:\WINDOWS\System32\cfgmgr32.dll
0x00007ffb93260000 - 0x00007ffb9326f000 	C:\Program Files\Java\jdk-9.0.4\bin\verify.dll
0x00007ffb8eb80000 - 0x00007ffb8eba7000 	C:\Program Files\Java\jdk-9.0.4\bin\java.dll
0x00007ffb89ab0000 - 0x00007ffb89ac6000 	C:\Program Files\Java\jdk-9.0.4\bin\zip.dll
0x00007ffb93170000 - 0x00007ffb9317a000 	C:\Program Files\Java\jdk-9.0.4\bin\jimage.dll
0x00007ffb9d390000 - 0x00007ffb9e7d0000 	C:\WINDOWS\System32\SHELL32.dll
0x00007ffb9c870000 - 0x00007ffb9c919000 	C:\WINDOWS\System32\shcore.dll
0x00007ffb9b880000 - 0x00007ffb9bf8d000 	C:\WINDOWS\System32\windows.storage.dll
0x00007ffb9cc00000 - 0x00007ffb9cc51000 	C:\WINDOWS\System32\shlwapi.dll
0x00007ffb9b0d0000 - 0x00007ffb9b0e1000 	C:\WINDOWS\System32\kernel.appcore.dll
0x00007ffb9b0f0000 - 0x00007ffb9b10f000 	C:\WINDOWS\System32\profapi.dll
0x00007ffb9b050000 - 0x00007ffb9b09c000 	C:\WINDOWS\System32\powrprof.dll
0x00007ffb9b0a0000 - 0x00007ffb9b0aa000 	C:\WINDOWS\System32\FLTLIB.DLL
0x00007ffb89490000 - 0x00007ffb894aa000 	C:\Program Files\Java\jdk-9.0.4\bin\net.dll
0x00007ffb91d40000 - 0x00007ffb91e1c000 	C:\WINDOWS\SYSTEM32\WINHTTP.dll
0x00007ffb9a8d0000 - 0x00007ffb9a936000 	C:\WINDOWS\system32\mswsock.dll
0x00007ffb619b0000 - 0x00007ffb619c1000 	C:\Program Files\Java\jdk-9.0.4\bin\nio.dll
0x00007ffb9a690000 - 0x00007ffb9a74e000 	C:\WINDOWS\SYSTEM32\DNSAPI.dll
0x00007ffb9d2a0000 - 0x00007ffb9d2a8000 	C:\WINDOWS\System32\NSI.dll
0x00007ffb9a650000 - 0x00007ffb9a688000 	C:\WINDOWS\SYSTEM32\IPHLPAPI.DLL
0x00007ffb8fa30000 - 0x00007ffb8fa3a000 	C:\Windows\System32\rasadhlp.dll
0x00007ffb95df0000 - 0x00007ffb95e62000 	C:\WINDOWS\System32\fwpuclnt.dll
0x00007ffb9abb0000 - 0x00007ffb9abd5000 	C:\WINDOWS\SYSTEM32\bcrypt.dll
0x00007ffb9aa80000 - 0x00007ffb9aa97000 	C:\WINDOWS\SYSTEM32\CRYPTSP.dll
0x00007ffb9a4b0000 - 0x00007ffb9a4e3000 	C:\WINDOWS\system32\rsaenh.dll
0x00007ffb9af80000 - 0x00007ffb9afa8000 	C:\WINDOWS\SYSTEM32\USERENV.dll
0x00007ffb9aaa0000 - 0x00007ffb9aaab000 	C:\WINDOWS\SYSTEM32\CRYPTBASE.dll
0x00007ffb957d0000 - 0x00007ffb957e6000 	C:\WINDOWS\SYSTEM32\dhcpcsvc6.DLL
0x00007ffb953c0000 - 0x00007ffb953da000 	C:\WINDOWS\SYSTEM32\dhcpcsvc.DLL
0x00007ffb99a60000 - 0x00007ffb99c29000 	C:\WINDOWS\SYSTEM32\dbghelp.dll

VM Arguments:
jvm_args: -ea -Dfile.encoding=Cp1252 
java_command: org.testng.remote.RemoteTestNG -serport 17101 -protocol json -d C:\Users\kam\selenium_tryouts\SelionBasics\test-output C:\Users\kam\selenium_tryouts\SelionBasics\src\test\resources\SampleSuite.xml
java_class_path (initial): C:\Users\kam\eclipse\java-oxygen\eclipse\configuration\org.eclipse.osgi\550\0\.cp\lib\testng-remote.jar;C:\Users\kam\selenium_tryouts\SelionBasics\target\test-classes;C:\Users\kam\selenium_tryouts\SelionBasics\target\classes;C:\Users\kam\.p2\pool\plugins\org.testng_6.14.2.r201802161450.jar;C:\Users\kam\.p2\pool\plugins\com.beust.jcommander_1.72.0.jar;C:\Users\kam\.p2\pool\plugins\org.apache-extras.beanshell.bsh_2.0.0.b6.jar;C:\Users\kam\.p2\pool\plugins\org.yaml.snakeyaml_1.17.0.jar;C:\Users\kam\.m2\repository\com\paypal\selion\SeLion\1.2.0\SeLion-1.2.0.jar;C:\Users\kam\.m2\repository\com\paypal\selion\SeLion-Common\1.2.0\SeLion-Common-1.2.0.jar;C:\Users\kam\.m2\repository\commons-configuration\commons-configuration\1.10\commons-configuration-1.10.jar;C:\Users\kam\.m2\repository\com\paypal\selion\SeLion-DataProviders\1.2.0\SeLion-DataProviders-1.2.0.jar;C:\Users\kam\.m2\repository\org\apache\poi\poi-ooxml\3.6\poi-ooxml-3.6.jar;C:\Users\kam\.m2\repository\org\apache\poi\poi-ooxml-schemas\3.6\poi-ooxml-schemas-3.6.jar;C:\Users\kam\.m2\repository\org\apache\xmlbeans\xmlbeans\2.3.0\xmlbeans-2.3.0.jar;C:\Users\kam\.m2\repository\stax\stax-api\1.0.1\stax-api-1.0.1.jar;C:\Users\kam\.m2\repository\org\apache\geronimo\specs\geronimo-stax-api_1.0_spec\1.0\geronimo-stax-api_1.0_spec-1.0.jar;C:\Users\kam\.m2\repository\org\apache\poi\poi\3.6\poi-3.6.jar;C:\Users\kam\.m2\repository\log4j\log4j\1.2.13\log4j-1.2.13.jar;C:\Users\kam\.m2\repository\com\google\code\gson\gson\2.3.1\gson-2.3.1.jar;C:\Users\kam\.m2\repository\commons-jxpath\commons-jxpath\1.3\commons-jxpath-1.3.jar;C:\Users\kam\.m2\repository\dom4j\dom4j\1.6.1\dom4j-1.6.1.jar;C:\Users\kam\.m2\repository\jaxen\jaxen\1.1.6\jaxen-1.1.6.jar;C:\Users\kam\.m2\repository\org\seleniumhq\selenium\selenium-api\2.53.1\selenium-api-2.53.1.jar;C:\Users\kam\.m2\repository\org\seleniumhq\selenium\selenium-java\2.53.1\selenium-java-2.53.1.jar;C:\Users\kam\.m2\repository\org\seleniumhq\selenium\selenium-leg-
Launcher Type: SUN_STANDARD

Logging:
Log output configuration:
#0: stdout all=warning uptime,level,tags
#1: stderr all=off uptime,level,tags

Environment Variables:
JAVA_HOME=C:\Program Files\Java\jdk-9.0.4\
PATH=C:/Program Files/Java/jdk-9.0.4//bin/server;C:/Program Files/Java/jdk-9.0.4//bin;C:\maven\bin\;C:\Ruby23-x64\bin;C:\Users\kam\AppData\Roaming\npm\;C:\Program Files (x86)\Intel\iCLS Client\;C:\Program Files\Intel\iCLS Client\;C:\Program Files\Dell\DW WLAN Card;C:\WINDOWS\system32;C:\WINDOWS;C:\WINDOWS\System32\Wbem;C:\WINDOWS\System32\WindowsPowerShell\v1.0\;C:\Program Files (x86)\Intel\Intel(R) Management Engine Components\DAL;C:\Program Files\Intel\Intel(R) Management Engine Components\DAL;C:\Program Files (x86)\Intel\Intel(R) Management Engine Components\IPT;C:\Program Files\Intel\Intel(R) Management Engine Components\IPT;C:\Program Files (x86)\Microsoft SQL Server\120\Tools\Binn\;C:\Program Files\Microsoft SQL Server\120\Tools\Binn\;C:\Program Files\Microsoft SQL Server\120\DTS\Binn\;C:\Program Files (x86)\Microsoft SQL Server\120\Tools\Binn\ManagementStudio\;C:\Program Files (x86)\Microsoft SQL Server\120\DTS\Binn\;C:\Program Files (x86)\Microsoft SQL Server\110\Tools\Binn\;C:\Program Files\Microsoft SQL Server\110\Tools\Binn\;C:\Program Files\Microsoft SQL Server\110\DTS\Binn\;C:\Program Files (x86)\Microsoft SQL Server\110\DTS\Binn\;C:\Program Files (x86)\Microsoft ASP.NET\ASP.NET Web Pages\v1.0\;C:\Program Files (x86)\Microsoft SQL Server\100\Tools\Binn\;C:\Program Files\Microsoft SQL Server\100\Tools\Binn\;C:\Program Files\Microsoft SQL Server\100\DTS\Binn\;C:\Program Files (x86)\Microsoft SQL Server\100\Tools\Binn\VSShell\Common7\IDE\;C:\Program Files (x86)\Microsoft Visual Studio 9.0\Common7\IDE\PrivateAssemblies\;C:\Program Files (x86)\Microsoft SQL Server\100\DTS\Binn\;C:\Program Files\dotnet\;C:\Program Files\Git\cmd;C:\Program Files\nodejs;C:\Users\kam\AppData\Local\Android\Sdk\platform-tools;C:\Users\kam\AppData\Roaming\npm\webdriver-manager\;C:\Users\kam\AppData\Local\Android\Sdk\platform-tools;C:\Program Files\Java\jdk-9.0.4\\bin;C:\Program Files (x86)\Windows Kits\8.1\Windows Performance Toolkit\;C:\Program Files\nodejs\;C:\WINDOWS\system32;C:\WI
USERNAME=kam
OS=Windows_NT
PROCESSOR_IDENTIFIER=Intel64 Family 6 Model 94 Stepping 3, GenuineIntel



---------------  S Y S T E M  ---------------

OS: Windows 10 , 64 bit Build 17134 (10.0.17134.1)

CPU:total 8 (initial active 8) (4 cores per cpu, 2 threads per core) family 6 model 94 stepping 3, cmov, cx8, fxsr, mmx, sse, sse2, sse3, ssse3, sse4.1, sse4.2, popcnt, avx, avx2, aes, clmul, erms, rtm, 3dnowpref, lzcnt, ht, tsc, tscinvbit, bmi1, bmi2, adx, fma

Memory: 4k page, physical 16354836k(2903384k free), swap 20549140k(8668k free)

vm_info: Java HotSpot(TM) 64-Bit Server VM (9.0.4+11) for windows-amd64 JRE (9.0.4+11), built on Dec 20 2017 02:18:54 by "mach5one" with MS VC++ 12.0 (VS2013)

END.
